Symlinking /home/domi/mujoco_ws/devel/share/common-lisp/ros/mujoco_ros_msgs/msg/BodyState.lisp
Symlinking /home/domi/mujoco_ws/devel/share/common-lisp/ros/mujoco_ros_msgs/msg/_package_StepActionFeedback.lisp
Symlinking /home/domi/mujoco_ws/devel/share/common-lisp/ros/mujoco_ros_msgs/msg/StepGoal.lisp
Symlinking /home/domi/mujoco_ws/devel/share/common-lisp/ros/mujoco_ros_msgs/msg/GeomType.lisp
Symlinking /home/domi/mujoco_ws/devel/share/common-lisp/ros/mujoco_ros_msgs/msg/_package_GeomProperties.lisp
Symlinking /home/domi/mujoco_ws/devel/share/common-lisp/ros/mujoco_ros_msgs/msg/mujoco_ros_msgs-msg.asd
Symlinking /home/domi/mujoco_ws/devel/share/common-lisp/ros/mujoco_ros_msgs/msg/StepActionResult.lisp
Symlinking /home/domi/mujoco_ws/devel/share/common-lisp/ros/mujoco_ros_msgs/msg/_package_StepActionGoal.lisp
Symlinking /home/domi/mujoco_ws/devel/share/common-lisp/ros/mujoco_ros_msgs/msg/ScalarStamped.lisp
Symlinking /home/domi/mujoco_ws/devel/share/common-lisp/ros/mujoco_ros_msgs/msg/_package_StepResult.lisp
Symlinking /home/domi/mujoco_ws/devel/share/common-lisp/ros/mujoco_ros_msgs/msg/StepAction.lisp
Symlinking /home/domi/mujoco_ws/devel/share/common-lisp/ros/mujoco_ros_msgs/msg/_package_ScalarStamped.lisp
Symlinking /home/domi/mujoco_ws/devel/share/common-lisp/ros/mujoco_ros_msgs/msg/StepActionGoal.lisp
Symlinking /home/domi/mujoco_ws/devel/share/common-lisp/ros/mujoco_ros_msgs/msg/_package.lisp
Symlinking /home/domi/mujoco_ws/devel/share/common-lisp/ros/mujoco_ros_msgs/msg/_package_GeomType.lisp
Symlinking /home/domi/mujoco_ws/devel/share/common-lisp/ros/mujoco_ros_msgs/msg/_package_StepActionResult.lisp
Symlinking /home/domi/mujoco_ws/devel/share/common-lisp/ros/mujoco_ros_msgs/msg/StepActionFeedback.lisp
Symlinking /home/domi/mujoco_ws/devel/share/common-lisp/ros/mujoco_ros_msgs/msg/_package_SensorNoiseModel.lisp
Symlinking /home/domi/mujoco_ws/devel/share/common-lisp/ros/mujoco_ros_msgs/msg/_package_StepFeedback.lisp
Symlinking /home/domi/mujoco_ws/devel/share/common-lisp/ros/mujoco_ros_msgs/msg/GeomProperties.lisp
Symlinking /home/domi/mujoco_ws/devel/share/common-lisp/ros/mujoco_ros_msgs/msg/_package_BodyState.lisp
Symlinking /home/domi/mujoco_ws/devel/share/common-lisp/ros/mujoco_ros_msgs/msg/_package_StepAction.lisp
Symlinking /home/domi/mujoco_ws/devel/share/common-lisp/ros/mujoco_ros_msgs/msg/_package_StepGoal.lisp
Symlinking /home/domi/mujoco_ws/devel/share/common-lisp/ros/mujoco_ros_msgs/msg/StepResult.lisp
Symlinking /home/domi/mujoco_ws/devel/share/common-lisp/ros/mujoco_ros_msgs/msg/StepFeedback.lisp
Symlinking /home/domi/mujoco_ws/devel/share/common-lisp/ros/mujoco_ros_msgs/msg/SensorNoiseModel.lisp
Symlinking /home/domi/mujoco_ws/devel/share/common-lisp/ros/mujoco_ros_msgs/msg/_package_StateUint.lisp
Symlinking /home/domi/mujoco_ws/devel/share/common-lisp/ros/mujoco_ros_msgs/msg/StateUint.lisp
Symlinking /home/domi/mujoco_ws/devel/share/common-lisp/ros/mujoco_ros_msgs/srv/Reload.lisp
Symlinking /home/domi/mujoco_ws/devel/share/common-lisp/ros/mujoco_ros_msgs/srv/_package_SetBodyState.lisp
Symlinking /home/domi/mujoco_ws/devel/share/common-lisp/ros/mujoco_ros_msgs/srv/_package_GetGeomProperties.lisp
Symlinking /home/domi/mujoco_ws/devel/share/common-lisp/ros/mujoco_ros_msgs/srv/SetGravity.lisp
Symlinking /home/domi/mujoco_ws/devel/share/common-lisp/ros/mujoco_ros_msgs/srv/GetGravity.lisp
Symlinking /home/domi/mujoco_ws/devel/share/common-lisp/ros/mujoco_ros_msgs/srv/RegisterSensorNoiseModels.lisp
Symlinking /home/domi/mujoco_ws/devel/share/common-lisp/ros/mujoco_ros_msgs/srv/SetGeomProperties.lisp
Symlinking /home/domi/mujoco_ws/devel/share/common-lisp/ros/mujoco_ros_msgs/srv/GetGeomProperties.lisp
Symlinking /home/domi/mujoco_ws/devel/share/common-lisp/ros/mujoco_ros_msgs/srv/_package_ResetBodyQPos.lisp
Symlinking /home/domi/mujoco_ws/devel/share/common-lisp/ros/mujoco_ros_msgs/srv/SetBodyState.lisp
Symlinking /home/domi/mujoco_ws/devel/share/common-lisp/ros/mujoco_ros_msgs/srv/_package.lisp
Symlinking /home/domi/mujoco_ws/devel/share/common-lisp/ros/mujoco_ros_msgs/srv/GetBodyState.lisp
Symlinking /home/domi/mujoco_ws/devel/share/common-lisp/ros/mujoco_ros_msgs/srv/_package_SetGeomProperties.lisp
Symlinking /home/domi/mujoco_ws/devel/share/common-lisp/ros/mujoco_ros_msgs/srv/ResetBodyQPos.lisp
Symlinking /home/domi/mujoco_ws/devel/share/common-lisp/ros/mujoco_ros_msgs/srv/_package_SetFloat.lisp
Symlinking /home/domi/mujoco_ws/devel/share/common-lisp/ros/mujoco_ros_msgs/srv/mujoco_ros_msgs-srv.asd
Symlinking /home/domi/mujoco_ws/devel/share/common-lisp/ros/mujoco_ros_msgs/srv/_package_RegisterSensorNoiseModels.lisp
Symlinking /home/domi/mujoco_ws/devel/share/common-lisp/ros/mujoco_ros_msgs/srv/_package_Reload.lisp
Symlinking /home/domi/mujoco_ws/devel/share/common-lisp/ros/mujoco_ros_msgs/srv/_package_SetPause.lisp
Symlinking /home/domi/mujoco_ws/devel/share/common-lisp/ros/mujoco_ros_msgs/srv/_package_SetGravity.lisp
Symlinking /home/domi/mujoco_ws/devel/share/common-lisp/ros/mujoco_ros_msgs/srv/_package_GetBodyState.lisp
Symlinking /home/domi/mujoco_ws/devel/share/common-lisp/ros/mujoco_ros_msgs/srv/SetPause.lisp
Symlinking /home/domi/mujoco_ws/devel/share/common-lisp/ros/mujoco_ros_msgs/srv/_package_GetStateUint.lisp
Symlinking /home/domi/mujoco_ws/devel/share/common-lisp/ros/mujoco_ros_msgs/srv/GetStateUint.lisp
Symlinking /home/domi/mujoco_ws/devel/share/common-lisp/ros/mujoco_ros_msgs/srv/_package_GetGravity.lisp
Symlinking /home/domi/mujoco_ws/devel/share/common-lisp/ros/mujoco_ros_msgs/srv/SetFloat.lisp
Symlinking /home/domi/mujoco_ws/devel/share/mujoco_ros_msgs/cmake/mujoco_ros_msgs-msg-extras.cmake
Symlinking /home/domi/mujoco_ws/devel/share/mujoco_ros_msgs/cmake/mujoco_ros_msgsConfig-version.cmake
Symlinking /home/domi/mujoco_ws/devel/share/mujoco_ros_msgs/cmake/mujoco_ros_msgsConfig.cmake
Symlinking /home/domi/mujoco_ws/devel/share/mujoco_ros_msgs/cmake/mujoco_ros_msgs-msg-paths.cmake
Symlinking /home/domi/mujoco_ws/devel/share/mujoco_ros_msgs/msg/StepFeedback.msg
Symlinking /home/domi/mujoco_ws/devel/share/mujoco_ros_msgs/msg/StepActionResult.msg
Symlinking /home/domi/mujoco_ws/devel/share/mujoco_ros_msgs/msg/StepActionFeedback.msg
Symlinking /home/domi/mujoco_ws/devel/share/mujoco_ros_msgs/msg/StepAction.msg
Symlinking /home/domi/mujoco_ws/devel/share/mujoco_ros_msgs/msg/StepActionGoal.msg
Symlinking /home/domi/mujoco_ws/devel/share/mujoco_ros_msgs/msg/StepResult.msg
Symlinking /home/domi/mujoco_ws/devel/share/mujoco_ros_msgs/msg/StepGoal.msg
Symlinking /home/domi/mujoco_ws/devel/share/gennodejs/ros/mujoco_ros_msgs/_index.js
Symlinking /home/domi/mujoco_ws/devel/share/gennodejs/ros/mujoco_ros_msgs/msg/StepAction.js
Symlinking /home/domi/mujoco_ws/devel/share/gennodejs/ros/mujoco_ros_msgs/msg/GeomProperties.js
Symlinking /home/domi/mujoco_ws/devel/share/gennodejs/ros/mujoco_ros_msgs/msg/_index.js
Symlinking /home/domi/mujoco_ws/devel/share/gennodejs/ros/mujoco_ros_msgs/msg/StepActionResult.js
Symlinking /home/domi/mujoco_ws/devel/share/gennodejs/ros/mujoco_ros_msgs/msg/SensorNoiseModel.js
Symlinking /home/domi/mujoco_ws/devel/share/gennodejs/ros/mujoco_ros_msgs/msg/StepGoal.js
Symlinking /home/domi/mujoco_ws/devel/share/gennodejs/ros/mujoco_ros_msgs/msg/StateUint.js
Symlinking /home/domi/mujoco_ws/devel/share/gennodejs/ros/mujoco_ros_msgs/msg/StepActionGoal.js
Symlinking /home/domi/mujoco_ws/devel/share/gennodejs/ros/mujoco_ros_msgs/msg/GeomType.js
Symlinking /home/domi/mujoco_ws/devel/share/gennodejs/ros/mujoco_ros_msgs/msg/StepActionFeedback.js
Symlinking /home/domi/mujoco_ws/devel/share/gennodejs/ros/mujoco_ros_msgs/msg/ScalarStamped.js
Symlinking /home/domi/mujoco_ws/devel/share/gennodejs/ros/mujoco_ros_msgs/msg/StepFeedback.js
Symlinking /home/domi/mujoco_ws/devel/share/gennodejs/ros/mujoco_ros_msgs/msg/StepResult.js
Symlinking /home/domi/mujoco_ws/devel/share/gennodejs/ros/mujoco_ros_msgs/msg/BodyState.js
Symlinking /home/domi/mujoco_ws/devel/share/gennodejs/ros/mujoco_ros_msgs/srv/SetFloat.js
Symlinking /home/domi/mujoco_ws/devel/share/gennodejs/ros/mujoco_ros_msgs/srv/Reload.js
Symlinking /home/domi/mujoco_ws/devel/share/gennodejs/ros/mujoco_ros_msgs/srv/GetStateUint.js
Symlinking /home/domi/mujoco_ws/devel/share/gennodejs/ros/mujoco_ros_msgs/srv/SetBodyState.js
Symlinking /home/domi/mujoco_ws/devel/share/gennodejs/ros/mujoco_ros_msgs/srv/SetGeomProperties.js
Symlinking /home/domi/mujoco_ws/devel/share/gennodejs/ros/mujoco_ros_msgs/srv/_index.js
Symlinking /home/domi/mujoco_ws/devel/share/gennodejs/ros/mujoco_ros_msgs/srv/SetGravity.js
Symlinking /home/domi/mujoco_ws/devel/share/gennodejs/ros/mujoco_ros_msgs/srv/RegisterSensorNoiseModels.js
Symlinking /home/domi/mujoco_ws/devel/share/gennodejs/ros/mujoco_ros_msgs/srv/ResetBodyQPos.js
Symlinking /home/domi/mujoco_ws/devel/share/gennodejs/ros/mujoco_ros_msgs/srv/GetGravity.js
Symlinking /home/domi/mujoco_ws/devel/share/gennodejs/ros/mujoco_ros_msgs/srv/GetGeomProperties.js
Symlinking /home/domi/mujoco_ws/devel/share/gennodejs/ros/mujoco_ros_msgs/srv/GetBodyState.js
Symlinking /home/domi/mujoco_ws/devel/share/gennodejs/ros/mujoco_ros_msgs/srv/SetPause.js
Symlinking /home/domi/mujoco_ws/devel/share/roseus/ros/mujoco_ros_msgs/manifest.l
Symlinking /home/domi/mujoco_ws/devel/share/roseus/ros/mujoco_ros_msgs/msg/StepActionFeedback.l
Symlinking /home/domi/mujoco_ws/devel/share/roseus/ros/mujoco_ros_msgs/msg/StepGoal.l
Symlinking /home/domi/mujoco_ws/devel/share/roseus/ros/mujoco_ros_msgs/msg/StepActionResult.l
Symlinking /home/domi/mujoco_ws/devel/share/roseus/ros/mujoco_ros_msgs/msg/ScalarStamped.l
Symlinking /home/domi/mujoco_ws/devel/share/roseus/ros/mujoco_ros_msgs/msg/StepFeedback.l
Symlinking /home/domi/mujoco_ws/devel/share/roseus/ros/mujoco_ros_msgs/msg/StepActionGoal.l
Symlinking /home/domi/mujoco_ws/devel/share/roseus/ros/mujoco_ros_msgs/msg/SensorNoiseModel.l
Symlinking /home/domi/mujoco_ws/devel/share/roseus/ros/mujoco_ros_msgs/msg/StateUint.l
Symlinking /home/domi/mujoco_ws/devel/share/roseus/ros/mujoco_ros_msgs/msg/StepAction.l
Symlinking /home/domi/mujoco_ws/devel/share/roseus/ros/mujoco_ros_msgs/msg/BodyState.l
Symlinking /home/domi/mujoco_ws/devel/share/roseus/ros/mujoco_ros_msgs/msg/StepResult.l
Symlinking /home/domi/mujoco_ws/devel/share/roseus/ros/mujoco_ros_msgs/msg/GeomProperties.l
Symlinking /home/domi/mujoco_ws/devel/share/roseus/ros/mujoco_ros_msgs/msg/GeomType.l
Symlinking /home/domi/mujoco_ws/devel/share/roseus/ros/mujoco_ros_msgs/srv/ResetBodyQPos.l
Symlinking /home/domi/mujoco_ws/devel/share/roseus/ros/mujoco_ros_msgs/srv/SetGeomProperties.l
Symlinking /home/domi/mujoco_ws/devel/share/roseus/ros/mujoco_ros_msgs/srv/Reload.l
Symlinking /home/domi/mujoco_ws/devel/share/roseus/ros/mujoco_ros_msgs/srv/GetGravity.l
Symlinking /home/domi/mujoco_ws/devel/share/roseus/ros/mujoco_ros_msgs/srv/GetBodyState.l
Symlinking /home/domi/mujoco_ws/devel/share/roseus/ros/mujoco_ros_msgs/srv/RegisterSensorNoiseModels.l
Symlinking /home/domi/mujoco_ws/devel/share/roseus/ros/mujoco_ros_msgs/srv/SetFloat.l
Symlinking /home/domi/mujoco_ws/devel/share/roseus/ros/mujoco_ros_msgs/srv/SetPause.l
Symlinking /home/domi/mujoco_ws/devel/share/roseus/ros/mujoco_ros_msgs/srv/GetStateUint.l
Symlinking /home/domi/mujoco_ws/devel/share/roseus/ros/mujoco_ros_msgs/srv/SetGravity.l
Symlinking /home/domi/mujoco_ws/devel/share/roseus/ros/mujoco_ros_msgs/srv/SetBodyState.l
Symlinking /home/domi/mujoco_ws/devel/share/roseus/ros/mujoco_ros_msgs/srv/GetGeomProperties.l
Symlinking /home/domi/mujoco_ws/devel/lib/python3/dist-packages/mujoco_ros_msgs/__init__.py
Symlinking /home/domi/mujoco_ws/devel/lib/python3/dist-packages/mujoco_ros_msgs/msg/_StepActionResult.py
Symlinking /home/domi/mujoco_ws/devel/lib/python3/dist-packages/mujoco_ros_msgs/msg/_StepResult.py
Symlinking /home/domi/mujoco_ws/devel/lib/python3/dist-packages/mujoco_ros_msgs/msg/_ScalarStamped.py
Symlinking /home/domi/mujoco_ws/devel/lib/python3/dist-packages/mujoco_ros_msgs/msg/_SensorNoiseModel.py
Symlinking /home/domi/mujoco_ws/devel/lib/python3/dist-packages/mujoco_ros_msgs/msg/_StepFeedback.py
Symlinking /home/domi/mujoco_ws/devel/lib/python3/dist-packages/mujoco_ros_msgs/msg/_StepActionGoal.py
Symlinking /home/domi/mujoco_ws/devel/lib/python3/dist-packages/mujoco_ros_msgs/msg/_StepGoal.py
Symlinking /home/domi/mujoco_ws/devel/lib/python3/dist-packages/mujoco_ros_msgs/msg/_StepActionFeedback.py
Symlinking /home/domi/mujoco_ws/devel/lib/python3/dist-packages/mujoco_ros_msgs/msg/_StateUint.py
Symlinking /home/domi/mujoco_ws/devel/lib/python3/dist-packages/mujoco_ros_msgs/msg/_BodyState.py
Symlinking /home/domi/mujoco_ws/devel/lib/python3/dist-packages/mujoco_ros_msgs/msg/_GeomType.py
Symlinking /home/domi/mujoco_ws/devel/lib/python3/dist-packages/mujoco_ros_msgs/msg/_StepAction.py
Symlinking /home/domi/mujoco_ws/devel/lib/python3/dist-packages/mujoco_ros_msgs/msg/__init__.py
Symlinking /home/domi/mujoco_ws/devel/lib/python3/dist-packages/mujoco_ros_msgs/msg/_GeomProperties.py
Symlinking /home/domi/mujoco_ws/devel/lib/python3/dist-packages/mujoco_ros_msgs/srv/_GetGeomProperties.py
Symlinking /home/domi/mujoco_ws/devel/lib/python3/dist-packages/mujoco_ros_msgs/srv/_RegisterSensorNoiseModels.py
Symlinking /home/domi/mujoco_ws/devel/lib/python3/dist-packages/mujoco_ros_msgs/srv/_SetPause.py
Symlinking /home/domi/mujoco_ws/devel/lib/python3/dist-packages/mujoco_ros_msgs/srv/_GetBodyState.py
Symlinking /home/domi/mujoco_ws/devel/lib/python3/dist-packages/mujoco_ros_msgs/srv/_SetBodyState.py
Symlinking /home/domi/mujoco_ws/devel/lib/python3/dist-packages/mujoco_ros_msgs/srv/_SetGeomProperties.py
Symlinking /home/domi/mujoco_ws/devel/lib/python3/dist-packages/mujoco_ros_msgs/srv/_SetGravity.py
Symlinking /home/domi/mujoco_ws/devel/lib/python3/dist-packages/mujoco_ros_msgs/srv/_GetGravity.py
Symlinking /home/domi/mujoco_ws/devel/lib/python3/dist-packages/mujoco_ros_msgs/srv/_SetFloat.py
Symlinking /home/domi/mujoco_ws/devel/lib/python3/dist-packages/mujoco_ros_msgs/srv/_ResetBodyQPos.py
Symlinking /home/domi/mujoco_ws/devel/lib/python3/dist-packages/mujoco_ros_msgs/srv/_Reload.py
Symlinking /home/domi/mujoco_ws/devel/lib/python3/dist-packages/mujoco_ros_msgs/srv/_GetStateUint.py
Symlinking /home/domi/mujoco_ws/devel/lib/python3/dist-packages/mujoco_ros_msgs/srv/__init__.py
Symlinking /home/domi/mujoco_ws/devel/lib/pkgconfig/mujoco_ros_msgs.pc
Symlinking /home/domi/mujoco_ws/devel/include/mujoco_ros_msgs/GetStateUintRequest.h
Symlinking /home/domi/mujoco_ws/devel/include/mujoco_ros_msgs/ResetBodyQPos.h
Symlinking /home/domi/mujoco_ws/devel/include/mujoco_ros_msgs/SetGeomProperties.h
Symlinking /home/domi/mujoco_ws/devel/include/mujoco_ros_msgs/StepAction.h
Symlinking /home/domi/mujoco_ws/devel/include/mujoco_ros_msgs/SetGeomPropertiesRequest.h
Symlinking /home/domi/mujoco_ws/devel/include/mujoco_ros_msgs/StepActionGoal.h
Symlinking /home/domi/mujoco_ws/devel/include/mujoco_ros_msgs/StepFeedback.h
Symlinking /home/domi/mujoco_ws/devel/include/mujoco_ros_msgs/GetBodyState.h
Symlinking /home/domi/mujoco_ws/devel/include/mujoco_ros_msgs/SetPauseResponse.h
Symlinking /home/domi/mujoco_ws/devel/include/mujoco_ros_msgs/SetBodyStateResponse.h
Symlinking /home/domi/mujoco_ws/devel/include/mujoco_ros_msgs/SetGeomPropertiesResponse.h
Symlinking /home/domi/mujoco_ws/devel/include/mujoco_ros_msgs/GetGeomProperties.h
Symlinking /home/domi/mujoco_ws/devel/include/mujoco_ros_msgs/ResetBodyQPosRequest.h
Symlinking /home/domi/mujoco_ws/devel/include/mujoco_ros_msgs/RegisterSensorNoiseModelsRequest.h
Symlinking /home/domi/mujoco_ws/devel/include/mujoco_ros_msgs/SetFloat.h
Symlinking /home/domi/mujoco_ws/devel/include/mujoco_ros_msgs/BodyState.h
Symlinking /home/domi/mujoco_ws/devel/include/mujoco_ros_msgs/GeomProperties.h
Symlinking /home/domi/mujoco_ws/devel/include/mujoco_ros_msgs/SetBodyState.h
Symlinking /home/domi/mujoco_ws/devel/include/mujoco_ros_msgs/StateUint.h
Symlinking /home/domi/mujoco_ws/devel/include/mujoco_ros_msgs/SetGravityResponse.h
Symlinking /home/domi/mujoco_ws/devel/include/mujoco_ros_msgs/RegisterSensorNoiseModelsResponse.h
Symlinking /home/domi/mujoco_ws/devel/include/mujoco_ros_msgs/StepActionResult.h
Symlinking /home/domi/mujoco_ws/devel/include/mujoco_ros_msgs/GetBodyStateRequest.h
Symlinking /home/domi/mujoco_ws/devel/include/mujoco_ros_msgs/ResetBodyQPosResponse.h
Symlinking /home/domi/mujoco_ws/devel/include/mujoco_ros_msgs/SetFloatResponse.h
Symlinking /home/domi/mujoco_ws/devel/include/mujoco_ros_msgs/GetStateUint.h
Symlinking /home/domi/mujoco_ws/devel/include/mujoco_ros_msgs/GetGeomPropertiesResponse.h
Symlinking /home/domi/mujoco_ws/devel/include/mujoco_ros_msgs/SetBodyStateRequest.h
Symlinking /home/domi/mujoco_ws/devel/include/mujoco_ros_msgs/SetPause.h
Symlinking /home/domi/mujoco_ws/devel/include/mujoco_ros_msgs/GetBodyStateResponse.h
Symlinking /home/domi/mujoco_ws/devel/include/mujoco_ros_msgs/StepResult.h
Symlinking /home/domi/mujoco_ws/devel/include/mujoco_ros_msgs/ScalarStamped.h
Symlinking /home/domi/mujoco_ws/devel/include/mujoco_ros_msgs/SetFloatRequest.h
Symlinking /home/domi/mujoco_ws/devel/include/mujoco_ros_msgs/ReloadResponse.h
Symlinking /home/domi/mujoco_ws/devel/include/mujoco_ros_msgs/GetGravityRequest.h
Symlinking /home/domi/mujoco_ws/devel/include/mujoco_ros_msgs/GetGravityResponse.h
Symlinking /home/domi/mujoco_ws/devel/include/mujoco_ros_msgs/RegisterSensorNoiseModels.h
Symlinking /home/domi/mujoco_ws/devel/include/mujoco_ros_msgs/Reload.h
Symlinking /home/domi/mujoco_ws/devel/include/mujoco_ros_msgs/SetPauseRequest.h
Symlinking /home/domi/mujoco_ws/devel/include/mujoco_ros_msgs/GetStateUintResponse.h
Symlinking /home/domi/mujoco_ws/devel/include/mujoco_ros_msgs/ReloadRequest.h
Symlinking /home/domi/mujoco_ws/devel/include/mujoco_ros_msgs/GetGeomPropertiesRequest.h
Symlinking /home/domi/mujoco_ws/devel/include/mujoco_ros_msgs/StepGoal.h
Symlinking /home/domi/mujoco_ws/devel/include/mujoco_ros_msgs/GetGravity.h
Symlinking /home/domi/mujoco_ws/devel/include/mujoco_ros_msgs/SetGravityRequest.h
Symlinking /home/domi/mujoco_ws/devel/include/mujoco_ros_msgs/SetGravity.h
Symlinking /home/domi/mujoco_ws/devel/include/mujoco_ros_msgs/GeomType.h
Symlinking /home/domi/mujoco_ws/devel/include/mujoco_ros_msgs/SensorNoiseModel.h
Symlinking /home/domi/mujoco_ws/devel/include/mujoco_ros_msgs/StepActionFeedback.h
