Linked: (/home/dominik/mujoco_ws/devel/.private/mujoco_ros_msgs/lib/python3/dist-packages/mujoco_ros_msgs/__init__.py, /home/dominik/mujoco_ws/devel/lib/python3/dist-packages/mujoco_ros_msgs/__init__.py)
Linked: (/home/dominik/mujoco_ws/devel/.private/mujoco_ros_msgs/lib/python3/dist-packages/mujoco_ros_msgs/msg/_StepAction.py, /home/dominik/mujoco_ws/devel/lib/python3/dist-packages/mujoco_ros_msgs/msg/_StepAction.py)
Linked: (/home/dominik/mujoco_ws/devel/.private/mujoco_ros_msgs/lib/python3/dist-packages/mujoco_ros_msgs/msg/_StepActionGoal.py, /home/dominik/mujoco_ws/devel/lib/python3/dist-packages/mujoco_ros_msgs/msg/_StepActionGoal.py)
Linked: (/home/dominik/mujoco_ws/devel/.private/mujoco_ros_msgs/lib/python3/dist-packages/mujoco_ros_msgs/msg/_StateUint.py, /home/dominik/mujoco_ws/devel/lib/python3/dist-packages/mujoco_ros_msgs/msg/_StateUint.py)
Linked: (/home/dominik/mujoco_ws/devel/.private/mujoco_ros_msgs/lib/python3/dist-packages/mujoco_ros_msgs/msg/_ScalarStamped.py, /home/dominik/mujoco_ws/devel/lib/python3/dist-packages/mujoco_ros_msgs/msg/_ScalarStamped.py)
Linked: (/home/dominik/mujoco_ws/devel/.private/mujoco_ros_msgs/lib/python3/dist-packages/mujoco_ros_msgs/msg/_SensorNoiseModel.py, /home/dominik/mujoco_ws/devel/lib/python3/dist-packages/mujoco_ros_msgs/msg/_SensorNoiseModel.py)
Linked: (/home/dominik/mujoco_ws/devel/.private/mujoco_ros_msgs/lib/python3/dist-packages/mujoco_ros_msgs/msg/__init__.py, /home/dominik/mujoco_ws/devel/lib/python3/dist-packages/mujoco_ros_msgs/msg/__init__.py)
Linked: (/home/dominik/mujoco_ws/devel/.private/mujoco_ros_msgs/lib/python3/dist-packages/mujoco_ros_msgs/msg/_StepActionResult.py, /home/dominik/mujoco_ws/devel/lib/python3/dist-packages/mujoco_ros_msgs/msg/_StepActionResult.py)
Linked: (/home/dominik/mujoco_ws/devel/.private/mujoco_ros_msgs/lib/python3/dist-packages/mujoco_ros_msgs/msg/_GeomProperties.py, /home/dominik/mujoco_ws/devel/lib/python3/dist-packages/mujoco_ros_msgs/msg/_GeomProperties.py)
Linked: (/home/dominik/mujoco_ws/devel/.private/mujoco_ros_msgs/lib/python3/dist-packages/mujoco_ros_msgs/msg/_StepFeedback.py, /home/dominik/mujoco_ws/devel/lib/python3/dist-packages/mujoco_ros_msgs/msg/_StepFeedback.py)
Linked: (/home/dominik/mujoco_ws/devel/.private/mujoco_ros_msgs/lib/python3/dist-packages/mujoco_ros_msgs/msg/_GeomType.py, /home/dominik/mujoco_ws/devel/lib/python3/dist-packages/mujoco_ros_msgs/msg/_GeomType.py)
Linked: (/home/dominik/mujoco_ws/devel/.private/mujoco_ros_msgs/lib/python3/dist-packages/mujoco_ros_msgs/msg/_StepGoal.py, /home/dominik/mujoco_ws/devel/lib/python3/dist-packages/mujoco_ros_msgs/msg/_StepGoal.py)
Linked: (/home/dominik/mujoco_ws/devel/.private/mujoco_ros_msgs/lib/python3/dist-packages/mujoco_ros_msgs/msg/_BodyState.py, /home/dominik/mujoco_ws/devel/lib/python3/dist-packages/mujoco_ros_msgs/msg/_BodyState.py)
Linked: (/home/dominik/mujoco_ws/devel/.private/mujoco_ros_msgs/lib/python3/dist-packages/mujoco_ros_msgs/msg/_StepResult.py, /home/dominik/mujoco_ws/devel/lib/python3/dist-packages/mujoco_ros_msgs/msg/_StepResult.py)
Linked: (/home/dominik/mujoco_ws/devel/.private/mujoco_ros_msgs/lib/python3/dist-packages/mujoco_ros_msgs/msg/_StepActionFeedback.py, /home/dominik/mujoco_ws/devel/lib/python3/dist-packages/mujoco_ros_msgs/msg/_StepActionFeedback.py)
Linked: (/home/dominik/mujoco_ws/devel/.private/mujoco_ros_msgs/lib/python3/dist-packages/mujoco_ros_msgs/srv/_GetGravity.py, /home/dominik/mujoco_ws/devel/lib/python3/dist-packages/mujoco_ros_msgs/srv/_GetGravity.py)
Linked: (/home/dominik/mujoco_ws/devel/.private/mujoco_ros_msgs/lib/python3/dist-packages/mujoco_ros_msgs/srv/_Reload.py, /home/dominik/mujoco_ws/devel/lib/python3/dist-packages/mujoco_ros_msgs/srv/_Reload.py)
Linked: (/home/dominik/mujoco_ws/devel/.private/mujoco_ros_msgs/lib/python3/dist-packages/mujoco_ros_msgs/srv/_SetGeomProperties.py, /home/dominik/mujoco_ws/devel/lib/python3/dist-packages/mujoco_ros_msgs/srv/_SetGeomProperties.py)
Linked: (/home/dominik/mujoco_ws/devel/.private/mujoco_ros_msgs/lib/python3/dist-packages/mujoco_ros_msgs/srv/_GetStateUint.py, /home/dominik/mujoco_ws/devel/lib/python3/dist-packages/mujoco_ros_msgs/srv/_GetStateUint.py)
Linked: (/home/dominik/mujoco_ws/devel/.private/mujoco_ros_msgs/lib/python3/dist-packages/mujoco_ros_msgs/srv/_SetPause.py, /home/dominik/mujoco_ws/devel/lib/python3/dist-packages/mujoco_ros_msgs/srv/_SetPause.py)
Linked: (/home/dominik/mujoco_ws/devel/.private/mujoco_ros_msgs/lib/python3/dist-packages/mujoco_ros_msgs/srv/__init__.py, /home/dominik/mujoco_ws/devel/lib/python3/dist-packages/mujoco_ros_msgs/srv/__init__.py)
Linked: (/home/dominik/mujoco_ws/devel/.private/mujoco_ros_msgs/lib/python3/dist-packages/mujoco_ros_msgs/srv/_RegisterSensorNoiseModels.py, /home/dominik/mujoco_ws/devel/lib/python3/dist-packages/mujoco_ros_msgs/srv/_RegisterSensorNoiseModels.py)
Linked: (/home/dominik/mujoco_ws/devel/.private/mujoco_ros_msgs/lib/python3/dist-packages/mujoco_ros_msgs/srv/_SetFloat.py, /home/dominik/mujoco_ws/devel/lib/python3/dist-packages/mujoco_ros_msgs/srv/_SetFloat.py)
Linked: (/home/dominik/mujoco_ws/devel/.private/mujoco_ros_msgs/lib/python3/dist-packages/mujoco_ros_msgs/srv/_SetGravity.py, /home/dominik/mujoco_ws/devel/lib/python3/dist-packages/mujoco_ros_msgs/srv/_SetGravity.py)
Linked: (/home/dominik/mujoco_ws/devel/.private/mujoco_ros_msgs/lib/python3/dist-packages/mujoco_ros_msgs/srv/_GetGeomProperties.py, /home/dominik/mujoco_ws/devel/lib/python3/dist-packages/mujoco_ros_msgs/srv/_GetGeomProperties.py)
Linked: (/home/dominik/mujoco_ws/devel/.private/mujoco_ros_msgs/lib/python3/dist-packages/mujoco_ros_msgs/srv/_GetBodyState.py, /home/dominik/mujoco_ws/devel/lib/python3/dist-packages/mujoco_ros_msgs/srv/_GetBodyState.py)
Linked: (/home/dominik/mujoco_ws/devel/.private/mujoco_ros_msgs/lib/python3/dist-packages/mujoco_ros_msgs/srv/_ResetBodyQPos.py, /home/dominik/mujoco_ws/devel/lib/python3/dist-packages/mujoco_ros_msgs/srv/_ResetBodyQPos.py)
Linked: (/home/dominik/mujoco_ws/devel/.private/mujoco_ros_msgs/lib/python3/dist-packages/mujoco_ros_msgs/srv/_SetBodyState.py, /home/dominik/mujoco_ws/devel/lib/python3/dist-packages/mujoco_ros_msgs/srv/_SetBodyState.py)
Linked: (/home/dominik/mujoco_ws/devel/.private/mujoco_ros_msgs/lib/pkgconfig/mujoco_ros_msgs.pc, /home/dominik/mujoco_ws/devel/lib/pkgconfig/mujoco_ros_msgs.pc)
Linked: (/home/dominik/mujoco_ws/devel/.private/mujoco_ros_msgs/include/mujoco_ros_msgs/BodyState.h, /home/dominik/mujoco_ws/devel/include/mujoco_ros_msgs/BodyState.h)
Linked: (/home/dominik/mujoco_ws/devel/.private/mujoco_ros_msgs/include/mujoco_ros_msgs/StepActionResult.h, /home/dominik/mujoco_ws/devel/include/mujoco_ros_msgs/StepActionResult.h)
Linked: (/home/dominik/mujoco_ws/devel/.private/mujoco_ros_msgs/include/mujoco_ros_msgs/ResetBodyQPosRequest.h, /home/dominik/mujoco_ws/devel/include/mujoco_ros_msgs/ResetBodyQPosRequest.h)
Linked: (/home/dominik/mujoco_ws/devel/.private/mujoco_ros_msgs/include/mujoco_ros_msgs/SetGravity.h, /home/dominik/mujoco_ws/devel/include/mujoco_ros_msgs/SetGravity.h)
Linked: (/home/dominik/mujoco_ws/devel/.private/mujoco_ros_msgs/include/mujoco_ros_msgs/GeomType.h, /home/dominik/mujoco_ws/devel/include/mujoco_ros_msgs/GeomType.h)
Linked: (/home/dominik/mujoco_ws/devel/.private/mujoco_ros_msgs/include/mujoco_ros_msgs/StateUint.h, /home/dominik/mujoco_ws/devel/include/mujoco_ros_msgs/StateUint.h)
Linked: (/home/dominik/mujoco_ws/devel/.private/mujoco_ros_msgs/include/mujoco_ros_msgs/StepActionFeedback.h, /home/dominik/mujoco_ws/devel/include/mujoco_ros_msgs/StepActionFeedback.h)
Linked: (/home/dominik/mujoco_ws/devel/.private/mujoco_ros_msgs/include/mujoco_ros_msgs/SetGeomPropertiesRequest.h, /home/dominik/mujoco_ws/devel/include/mujoco_ros_msgs/SetGeomPropertiesRequest.h)
Linked: (/home/dominik/mujoco_ws/devel/.private/mujoco_ros_msgs/include/mujoco_ros_msgs/GeomProperties.h, /home/dominik/mujoco_ws/devel/include/mujoco_ros_msgs/GeomProperties.h)
Linked: (/home/dominik/mujoco_ws/devel/.private/mujoco_ros_msgs/include/mujoco_ros_msgs/SetGeomPropertiesResponse.h, /home/dominik/mujoco_ws/devel/include/mujoco_ros_msgs/SetGeomPropertiesResponse.h)
Linked: (/home/dominik/mujoco_ws/devel/.private/mujoco_ros_msgs/include/mujoco_ros_msgs/RegisterSensorNoiseModelsRequest.h, /home/dominik/mujoco_ws/devel/include/mujoco_ros_msgs/RegisterSensorNoiseModelsRequest.h)
Linked: (/home/dominik/mujoco_ws/devel/.private/mujoco_ros_msgs/include/mujoco_ros_msgs/SetFloat.h, /home/dominik/mujoco_ws/devel/include/mujoco_ros_msgs/SetFloat.h)
Linked: (/home/dominik/mujoco_ws/devel/.private/mujoco_ros_msgs/include/mujoco_ros_msgs/SetBodyStateRequest.h, /home/dominik/mujoco_ws/devel/include/mujoco_ros_msgs/SetBodyStateRequest.h)
Linked: (/home/dominik/mujoco_ws/devel/.private/mujoco_ros_msgs/include/mujoco_ros_msgs/SetFloatRequest.h, /home/dominik/mujoco_ws/devel/include/mujoco_ros_msgs/SetFloatRequest.h)
Linked: (/home/dominik/mujoco_ws/devel/.private/mujoco_ros_msgs/include/mujoco_ros_msgs/SetGravityResponse.h, /home/dominik/mujoco_ws/devel/include/mujoco_ros_msgs/SetGravityResponse.h)
Linked: (/home/dominik/mujoco_ws/devel/.private/mujoco_ros_msgs/include/mujoco_ros_msgs/ResetBodyQPos.h, /home/dominik/mujoco_ws/devel/include/mujoco_ros_msgs/ResetBodyQPos.h)
Linked: (/home/dominik/mujoco_ws/devel/.private/mujoco_ros_msgs/include/mujoco_ros_msgs/SensorNoiseModel.h, /home/dominik/mujoco_ws/devel/include/mujoco_ros_msgs/SensorNoiseModel.h)
Linked: (/home/dominik/mujoco_ws/devel/.private/mujoco_ros_msgs/include/mujoco_ros_msgs/GetGravityResponse.h, /home/dominik/mujoco_ws/devel/include/mujoco_ros_msgs/GetGravityResponse.h)
Linked: (/home/dominik/mujoco_ws/devel/.private/mujoco_ros_msgs/include/mujoco_ros_msgs/StepFeedback.h, /home/dominik/mujoco_ws/devel/include/mujoco_ros_msgs/StepFeedback.h)
Linked: (/home/dominik/mujoco_ws/devel/.private/mujoco_ros_msgs/include/mujoco_ros_msgs/GetGravityRequest.h, /home/dominik/mujoco_ws/devel/include/mujoco_ros_msgs/GetGravityRequest.h)
Linked: (/home/dominik/mujoco_ws/devel/.private/mujoco_ros_msgs/include/mujoco_ros_msgs/SetPauseRequest.h, /home/dominik/mujoco_ws/devel/include/mujoco_ros_msgs/SetPauseRequest.h)
Linked: (/home/dominik/mujoco_ws/devel/.private/mujoco_ros_msgs/include/mujoco_ros_msgs/GetBodyStateRequest.h, /home/dominik/mujoco_ws/devel/include/mujoco_ros_msgs/GetBodyStateRequest.h)
Linked: (/home/dominik/mujoco_ws/devel/.private/mujoco_ros_msgs/include/mujoco_ros_msgs/StepResult.h, /home/dominik/mujoco_ws/devel/include/mujoco_ros_msgs/StepResult.h)
Linked: (/home/dominik/mujoco_ws/devel/.private/mujoco_ros_msgs/include/mujoco_ros_msgs/GetStateUint.h, /home/dominik/mujoco_ws/devel/include/mujoco_ros_msgs/GetStateUint.h)
Linked: (/home/dominik/mujoco_ws/devel/.private/mujoco_ros_msgs/include/mujoco_ros_msgs/StepAction.h, /home/dominik/mujoco_ws/devel/include/mujoco_ros_msgs/StepAction.h)
Linked: (/home/dominik/mujoco_ws/devel/.private/mujoco_ros_msgs/include/mujoco_ros_msgs/GetGeomProperties.h, /home/dominik/mujoco_ws/devel/include/mujoco_ros_msgs/GetGeomProperties.h)
Linked: (/home/dominik/mujoco_ws/devel/.private/mujoco_ros_msgs/include/mujoco_ros_msgs/StepGoal.h, /home/dominik/mujoco_ws/devel/include/mujoco_ros_msgs/StepGoal.h)
Linked: (/home/dominik/mujoco_ws/devel/.private/mujoco_ros_msgs/include/mujoco_ros_msgs/GetGeomPropertiesRequest.h, /home/dominik/mujoco_ws/devel/include/mujoco_ros_msgs/GetGeomPropertiesRequest.h)
Linked: (/home/dominik/mujoco_ws/devel/.private/mujoco_ros_msgs/include/mujoco_ros_msgs/GetGeomPropertiesResponse.h, /home/dominik/mujoco_ws/devel/include/mujoco_ros_msgs/GetGeomPropertiesResponse.h)
Linked: (/home/dominik/mujoco_ws/devel/.private/mujoco_ros_msgs/include/mujoco_ros_msgs/GetStateUintRequest.h, /home/dominik/mujoco_ws/devel/include/mujoco_ros_msgs/GetStateUintRequest.h)
Linked: (/home/dominik/mujoco_ws/devel/.private/mujoco_ros_msgs/include/mujoco_ros_msgs/RegisterSensorNoiseModelsResponse.h, /home/dominik/mujoco_ws/devel/include/mujoco_ros_msgs/RegisterSensorNoiseModelsResponse.h)
Linked: (/home/dominik/mujoco_ws/devel/.private/mujoco_ros_msgs/include/mujoco_ros_msgs/ScalarStamped.h, /home/dominik/mujoco_ws/devel/include/mujoco_ros_msgs/ScalarStamped.h)
Linked: (/home/dominik/mujoco_ws/devel/.private/mujoco_ros_msgs/include/mujoco_ros_msgs/SetBodyState.h, /home/dominik/mujoco_ws/devel/include/mujoco_ros_msgs/SetBodyState.h)
Linked: (/home/dominik/mujoco_ws/devel/.private/mujoco_ros_msgs/include/mujoco_ros_msgs/SetPause.h, /home/dominik/mujoco_ws/devel/include/mujoco_ros_msgs/SetPause.h)
Linked: (/home/dominik/mujoco_ws/devel/.private/mujoco_ros_msgs/include/mujoco_ros_msgs/SetGravityRequest.h, /home/dominik/mujoco_ws/devel/include/mujoco_ros_msgs/SetGravityRequest.h)
Linked: (/home/dominik/mujoco_ws/devel/.private/mujoco_ros_msgs/include/mujoco_ros_msgs/GetBodyStateResponse.h, /home/dominik/mujoco_ws/devel/include/mujoco_ros_msgs/GetBodyStateResponse.h)
Linked: (/home/dominik/mujoco_ws/devel/.private/mujoco_ros_msgs/include/mujoco_ros_msgs/GetGravity.h, /home/dominik/mujoco_ws/devel/include/mujoco_ros_msgs/GetGravity.h)
Linked: (/home/dominik/mujoco_ws/devel/.private/mujoco_ros_msgs/include/mujoco_ros_msgs/StepActionGoal.h, /home/dominik/mujoco_ws/devel/include/mujoco_ros_msgs/StepActionGoal.h)
Linked: (/home/dominik/mujoco_ws/devel/.private/mujoco_ros_msgs/include/mujoco_ros_msgs/RegisterSensorNoiseModels.h, /home/dominik/mujoco_ws/devel/include/mujoco_ros_msgs/RegisterSensorNoiseModels.h)
Linked: (/home/dominik/mujoco_ws/devel/.private/mujoco_ros_msgs/include/mujoco_ros_msgs/ReloadRequest.h, /home/dominik/mujoco_ws/devel/include/mujoco_ros_msgs/ReloadRequest.h)
Linked: (/home/dominik/mujoco_ws/devel/.private/mujoco_ros_msgs/include/mujoco_ros_msgs/GetStateUintResponse.h, /home/dominik/mujoco_ws/devel/include/mujoco_ros_msgs/GetStateUintResponse.h)
Linked: (/home/dominik/mujoco_ws/devel/.private/mujoco_ros_msgs/include/mujoco_ros_msgs/SetPauseResponse.h, /home/dominik/mujoco_ws/devel/include/mujoco_ros_msgs/SetPauseResponse.h)
Linked: (/home/dominik/mujoco_ws/devel/.private/mujoco_ros_msgs/include/mujoco_ros_msgs/ResetBodyQPosResponse.h, /home/dominik/mujoco_ws/devel/include/mujoco_ros_msgs/ResetBodyQPosResponse.h)
Linked: (/home/dominik/mujoco_ws/devel/.private/mujoco_ros_msgs/include/mujoco_ros_msgs/ReloadResponse.h, /home/dominik/mujoco_ws/devel/include/mujoco_ros_msgs/ReloadResponse.h)
Linked: (/home/dominik/mujoco_ws/devel/.private/mujoco_ros_msgs/include/mujoco_ros_msgs/SetBodyStateResponse.h, /home/dominik/mujoco_ws/devel/include/mujoco_ros_msgs/SetBodyStateResponse.h)
Linked: (/home/dominik/mujoco_ws/devel/.private/mujoco_ros_msgs/include/mujoco_ros_msgs/GetBodyState.h, /home/dominik/mujoco_ws/devel/include/mujoco_ros_msgs/GetBodyState.h)
Linked: (/home/dominik/mujoco_ws/devel/.private/mujoco_ros_msgs/include/mujoco_ros_msgs/Reload.h, /home/dominik/mujoco_ws/devel/include/mujoco_ros_msgs/Reload.h)
Linked: (/home/dominik/mujoco_ws/devel/.private/mujoco_ros_msgs/include/mujoco_ros_msgs/SetFloatResponse.h, /home/dominik/mujoco_ws/devel/include/mujoco_ros_msgs/SetFloatResponse.h)
Linked: (/home/dominik/mujoco_ws/devel/.private/mujoco_ros_msgs/include/mujoco_ros_msgs/SetGeomProperties.h, /home/dominik/mujoco_ws/devel/include/mujoco_ros_msgs/SetGeomProperties.h)
Linked: (/home/dominik/mujoco_ws/devel/.private/mujoco_ros_msgs/share/common-lisp/ros/mujoco_ros_msgs/msg/_package.lisp, /home/dominik/mujoco_ws/devel/share/common-lisp/ros/mujoco_ros_msgs/msg/_package.lisp)
Linked: (/home/dominik/mujoco_ws/devel/.private/mujoco_ros_msgs/share/common-lisp/ros/mujoco_ros_msgs/msg/StepGoal.lisp, /home/dominik/mujoco_ws/devel/share/common-lisp/ros/mujoco_ros_msgs/msg/StepGoal.lisp)
Linked: (/home/dominik/mujoco_ws/devel/.private/mujoco_ros_msgs/share/common-lisp/ros/mujoco_ros_msgs/msg/_package_StepGoal.lisp, /home/dominik/mujoco_ws/devel/share/common-lisp/ros/mujoco_ros_msgs/msg/_package_StepGoal.lisp)
Linked: (/home/dominik/mujoco_ws/devel/.private/mujoco_ros_msgs/share/common-lisp/ros/mujoco_ros_msgs/msg/mujoco_ros_msgs-msg.asd, /home/dominik/mujoco_ws/devel/share/common-lisp/ros/mujoco_ros_msgs/msg/mujoco_ros_msgs-msg.asd)
Linked: (/home/dominik/mujoco_ws/devel/.private/mujoco_ros_msgs/share/common-lisp/ros/mujoco_ros_msgs/msg/StepActionGoal.lisp, /home/dominik/mujoco_ws/devel/share/common-lisp/ros/mujoco_ros_msgs/msg/StepActionGoal.lisp)
Linked: (/home/dominik/mujoco_ws/devel/.private/mujoco_ros_msgs/share/common-lisp/ros/mujoco_ros_msgs/msg/StepResult.lisp, /home/dominik/mujoco_ws/devel/share/common-lisp/ros/mujoco_ros_msgs/msg/StepResult.lisp)
Linked: (/home/dominik/mujoco_ws/devel/.private/mujoco_ros_msgs/share/common-lisp/ros/mujoco_ros_msgs/msg/BodyState.lisp, /home/dominik/mujoco_ws/devel/share/common-lisp/ros/mujoco_ros_msgs/msg/BodyState.lisp)
Linked: (/home/dominik/mujoco_ws/devel/.private/mujoco_ros_msgs/share/common-lisp/ros/mujoco_ros_msgs/msg/_package_StepFeedback.lisp, /home/dominik/mujoco_ws/devel/share/common-lisp/ros/mujoco_ros_msgs/msg/_package_StepFeedback.lisp)
Linked: (/home/dominik/mujoco_ws/devel/.private/mujoco_ros_msgs/share/common-lisp/ros/mujoco_ros_msgs/msg/_package_GeomType.lisp, /home/dominik/mujoco_ws/devel/share/common-lisp/ros/mujoco_ros_msgs/msg/_package_GeomType.lisp)
Linked: (/home/dominik/mujoco_ws/devel/.private/mujoco_ros_msgs/share/common-lisp/ros/mujoco_ros_msgs/msg/ScalarStamped.lisp, /home/dominik/mujoco_ws/devel/share/common-lisp/ros/mujoco_ros_msgs/msg/ScalarStamped.lisp)
Linked: (/home/dominik/mujoco_ws/devel/.private/mujoco_ros_msgs/share/common-lisp/ros/mujoco_ros_msgs/msg/_package_StepActionFeedback.lisp, /home/dominik/mujoco_ws/devel/share/common-lisp/ros/mujoco_ros_msgs/msg/_package_StepActionFeedback.lisp)
Linked: (/home/dominik/mujoco_ws/devel/.private/mujoco_ros_msgs/share/common-lisp/ros/mujoco_ros_msgs/msg/StateUint.lisp, /home/dominik/mujoco_ws/devel/share/common-lisp/ros/mujoco_ros_msgs/msg/StateUint.lisp)
Linked: (/home/dominik/mujoco_ws/devel/.private/mujoco_ros_msgs/share/common-lisp/ros/mujoco_ros_msgs/msg/_package_BodyState.lisp, /home/dominik/mujoco_ws/devel/share/common-lisp/ros/mujoco_ros_msgs/msg/_package_BodyState.lisp)
Linked: (/home/dominik/mujoco_ws/devel/.private/mujoco_ros_msgs/share/common-lisp/ros/mujoco_ros_msgs/msg/SensorNoiseModel.lisp, /home/dominik/mujoco_ws/devel/share/common-lisp/ros/mujoco_ros_msgs/msg/SensorNoiseModel.lisp)
Linked: (/home/dominik/mujoco_ws/devel/.private/mujoco_ros_msgs/share/common-lisp/ros/mujoco_ros_msgs/msg/_package_SensorNoiseModel.lisp, /home/dominik/mujoco_ws/devel/share/common-lisp/ros/mujoco_ros_msgs/msg/_package_SensorNoiseModel.lisp)
Linked: (/home/dominik/mujoco_ws/devel/.private/mujoco_ros_msgs/share/common-lisp/ros/mujoco_ros_msgs/msg/GeomType.lisp, /home/dominik/mujoco_ws/devel/share/common-lisp/ros/mujoco_ros_msgs/msg/GeomType.lisp)
Linked: (/home/dominik/mujoco_ws/devel/.private/mujoco_ros_msgs/share/common-lisp/ros/mujoco_ros_msgs/msg/_package_StepResult.lisp, /home/dominik/mujoco_ws/devel/share/common-lisp/ros/mujoco_ros_msgs/msg/_package_StepResult.lisp)
Linked: (/home/dominik/mujoco_ws/devel/.private/mujoco_ros_msgs/share/common-lisp/ros/mujoco_ros_msgs/msg/_package_StepActionResult.lisp, /home/dominik/mujoco_ws/devel/share/common-lisp/ros/mujoco_ros_msgs/msg/_package_StepActionResult.lisp)
Linked: (/home/dominik/mujoco_ws/devel/.private/mujoco_ros_msgs/share/common-lisp/ros/mujoco_ros_msgs/msg/StepActionFeedback.lisp, /home/dominik/mujoco_ws/devel/share/common-lisp/ros/mujoco_ros_msgs/msg/StepActionFeedback.lisp)
Linked: (/home/dominik/mujoco_ws/devel/.private/mujoco_ros_msgs/share/common-lisp/ros/mujoco_ros_msgs/msg/StepAction.lisp, /home/dominik/mujoco_ws/devel/share/common-lisp/ros/mujoco_ros_msgs/msg/StepAction.lisp)
Linked: (/home/dominik/mujoco_ws/devel/.private/mujoco_ros_msgs/share/common-lisp/ros/mujoco_ros_msgs/msg/_package_StateUint.lisp, /home/dominik/mujoco_ws/devel/share/common-lisp/ros/mujoco_ros_msgs/msg/_package_StateUint.lisp)
Linked: (/home/dominik/mujoco_ws/devel/.private/mujoco_ros_msgs/share/common-lisp/ros/mujoco_ros_msgs/msg/GeomProperties.lisp, /home/dominik/mujoco_ws/devel/share/common-lisp/ros/mujoco_ros_msgs/msg/GeomProperties.lisp)
Linked: (/home/dominik/mujoco_ws/devel/.private/mujoco_ros_msgs/share/common-lisp/ros/mujoco_ros_msgs/msg/StepFeedback.lisp, /home/dominik/mujoco_ws/devel/share/common-lisp/ros/mujoco_ros_msgs/msg/StepFeedback.lisp)
Linked: (/home/dominik/mujoco_ws/devel/.private/mujoco_ros_msgs/share/common-lisp/ros/mujoco_ros_msgs/msg/_package_GeomProperties.lisp, /home/dominik/mujoco_ws/devel/share/common-lisp/ros/mujoco_ros_msgs/msg/_package_GeomProperties.lisp)
Linked: (/home/dominik/mujoco_ws/devel/.private/mujoco_ros_msgs/share/common-lisp/ros/mujoco_ros_msgs/msg/StepActionResult.lisp, /home/dominik/mujoco_ws/devel/share/common-lisp/ros/mujoco_ros_msgs/msg/StepActionResult.lisp)
Linked: (/home/dominik/mujoco_ws/devel/.private/mujoco_ros_msgs/share/common-lisp/ros/mujoco_ros_msgs/msg/_package_StepAction.lisp, /home/dominik/mujoco_ws/devel/share/common-lisp/ros/mujoco_ros_msgs/msg/_package_StepAction.lisp)
Linked: (/home/dominik/mujoco_ws/devel/.private/mujoco_ros_msgs/share/common-lisp/ros/mujoco_ros_msgs/msg/_package_ScalarStamped.lisp, /home/dominik/mujoco_ws/devel/share/common-lisp/ros/mujoco_ros_msgs/msg/_package_ScalarStamped.lisp)
Linked: (/home/dominik/mujoco_ws/devel/.private/mujoco_ros_msgs/share/common-lisp/ros/mujoco_ros_msgs/msg/_package_StepActionGoal.lisp, /home/dominik/mujoco_ws/devel/share/common-lisp/ros/mujoco_ros_msgs/msg/_package_StepActionGoal.lisp)
Linked: (/home/dominik/mujoco_ws/devel/.private/mujoco_ros_msgs/share/common-lisp/ros/mujoco_ros_msgs/srv/SetGeomProperties.lisp, /home/dominik/mujoco_ws/devel/share/common-lisp/ros/mujoco_ros_msgs/srv/SetGeomProperties.lisp)
Linked: (/home/dominik/mujoco_ws/devel/.private/mujoco_ros_msgs/share/common-lisp/ros/mujoco_ros_msgs/srv/_package.lisp, /home/dominik/mujoco_ws/devel/share/common-lisp/ros/mujoco_ros_msgs/srv/_package.lisp)
Linked: (/home/dominik/mujoco_ws/devel/.private/mujoco_ros_msgs/share/common-lisp/ros/mujoco_ros_msgs/srv/_package_GetBodyState.lisp, /home/dominik/mujoco_ws/devel/share/common-lisp/ros/mujoco_ros_msgs/srv/_package_GetBodyState.lisp)
Linked: (/home/dominik/mujoco_ws/devel/.private/mujoco_ros_msgs/share/common-lisp/ros/mujoco_ros_msgs/srv/_package_RegisterSensorNoiseModels.lisp, /home/dominik/mujoco_ws/devel/share/common-lisp/ros/mujoco_ros_msgs/srv/_package_RegisterSensorNoiseModels.lisp)
Linked: (/home/dominik/mujoco_ws/devel/.private/mujoco_ros_msgs/share/common-lisp/ros/mujoco_ros_msgs/srv/RegisterSensorNoiseModels.lisp, /home/dominik/mujoco_ws/devel/share/common-lisp/ros/mujoco_ros_msgs/srv/RegisterSensorNoiseModels.lisp)
Linked: (/home/dominik/mujoco_ws/devel/.private/mujoco_ros_msgs/share/common-lisp/ros/mujoco_ros_msgs/srv/_package_GetGravity.lisp, /home/dominik/mujoco_ws/devel/share/common-lisp/ros/mujoco_ros_msgs/srv/_package_GetGravity.lisp)
Linked: (/home/dominik/mujoco_ws/devel/.private/mujoco_ros_msgs/share/common-lisp/ros/mujoco_ros_msgs/srv/GetGravity.lisp, /home/dominik/mujoco_ws/devel/share/common-lisp/ros/mujoco_ros_msgs/srv/GetGravity.lisp)
Linked: (/home/dominik/mujoco_ws/devel/.private/mujoco_ros_msgs/share/common-lisp/ros/mujoco_ros_msgs/srv/_package_SetGravity.lisp, /home/dominik/mujoco_ws/devel/share/common-lisp/ros/mujoco_ros_msgs/srv/_package_SetGravity.lisp)
Linked: (/home/dominik/mujoco_ws/devel/.private/mujoco_ros_msgs/share/common-lisp/ros/mujoco_ros_msgs/srv/_package_GetGeomProperties.lisp, /home/dominik/mujoco_ws/devel/share/common-lisp/ros/mujoco_ros_msgs/srv/_package_GetGeomProperties.lisp)
Linked: (/home/dominik/mujoco_ws/devel/.private/mujoco_ros_msgs/share/common-lisp/ros/mujoco_ros_msgs/srv/_package_SetBodyState.lisp, /home/dominik/mujoco_ws/devel/share/common-lisp/ros/mujoco_ros_msgs/srv/_package_SetBodyState.lisp)
Linked: (/home/dominik/mujoco_ws/devel/.private/mujoco_ros_msgs/share/common-lisp/ros/mujoco_ros_msgs/srv/_package_Reload.lisp, /home/dominik/mujoco_ws/devel/share/common-lisp/ros/mujoco_ros_msgs/srv/_package_Reload.lisp)
Linked: (/home/dominik/mujoco_ws/devel/.private/mujoco_ros_msgs/share/common-lisp/ros/mujoco_ros_msgs/srv/mujoco_ros_msgs-srv.asd, /home/dominik/mujoco_ws/devel/share/common-lisp/ros/mujoco_ros_msgs/srv/mujoco_ros_msgs-srv.asd)
Linked: (/home/dominik/mujoco_ws/devel/.private/mujoco_ros_msgs/share/common-lisp/ros/mujoco_ros_msgs/srv/SetFloat.lisp, /home/dominik/mujoco_ws/devel/share/common-lisp/ros/mujoco_ros_msgs/srv/SetFloat.lisp)
Linked: (/home/dominik/mujoco_ws/devel/.private/mujoco_ros_msgs/share/common-lisp/ros/mujoco_ros_msgs/srv/Reload.lisp, /home/dominik/mujoco_ws/devel/share/common-lisp/ros/mujoco_ros_msgs/srv/Reload.lisp)
Linked: (/home/dominik/mujoco_ws/devel/.private/mujoco_ros_msgs/share/common-lisp/ros/mujoco_ros_msgs/srv/_package_ResetBodyQPos.lisp, /home/dominik/mujoco_ws/devel/share/common-lisp/ros/mujoco_ros_msgs/srv/_package_ResetBodyQPos.lisp)
Linked: (/home/dominik/mujoco_ws/devel/.private/mujoco_ros_msgs/share/common-lisp/ros/mujoco_ros_msgs/srv/SetPause.lisp, /home/dominik/mujoco_ws/devel/share/common-lisp/ros/mujoco_ros_msgs/srv/SetPause.lisp)
Linked: (/home/dominik/mujoco_ws/devel/.private/mujoco_ros_msgs/share/common-lisp/ros/mujoco_ros_msgs/srv/ResetBodyQPos.lisp, /home/dominik/mujoco_ws/devel/share/common-lisp/ros/mujoco_ros_msgs/srv/ResetBodyQPos.lisp)
Linked: (/home/dominik/mujoco_ws/devel/.private/mujoco_ros_msgs/share/common-lisp/ros/mujoco_ros_msgs/srv/_package_SetFloat.lisp, /home/dominik/mujoco_ws/devel/share/common-lisp/ros/mujoco_ros_msgs/srv/_package_SetFloat.lisp)
Linked: (/home/dominik/mujoco_ws/devel/.private/mujoco_ros_msgs/share/common-lisp/ros/mujoco_ros_msgs/srv/SetGravity.lisp, /home/dominik/mujoco_ws/devel/share/common-lisp/ros/mujoco_ros_msgs/srv/SetGravity.lisp)
Linked: (/home/dominik/mujoco_ws/devel/.private/mujoco_ros_msgs/share/common-lisp/ros/mujoco_ros_msgs/srv/GetStateUint.lisp, /home/dominik/mujoco_ws/devel/share/common-lisp/ros/mujoco_ros_msgs/srv/GetStateUint.lisp)
Linked: (/home/dominik/mujoco_ws/devel/.private/mujoco_ros_msgs/share/common-lisp/ros/mujoco_ros_msgs/srv/GetBodyState.lisp, /home/dominik/mujoco_ws/devel/share/common-lisp/ros/mujoco_ros_msgs/srv/GetBodyState.lisp)
Linked: (/home/dominik/mujoco_ws/devel/.private/mujoco_ros_msgs/share/common-lisp/ros/mujoco_ros_msgs/srv/SetBodyState.lisp, /home/dominik/mujoco_ws/devel/share/common-lisp/ros/mujoco_ros_msgs/srv/SetBodyState.lisp)
Linked: (/home/dominik/mujoco_ws/devel/.private/mujoco_ros_msgs/share/common-lisp/ros/mujoco_ros_msgs/srv/GetGeomProperties.lisp, /home/dominik/mujoco_ws/devel/share/common-lisp/ros/mujoco_ros_msgs/srv/GetGeomProperties.lisp)
Linked: (/home/dominik/mujoco_ws/devel/.private/mujoco_ros_msgs/share/common-lisp/ros/mujoco_ros_msgs/srv/_package_SetPause.lisp, /home/dominik/mujoco_ws/devel/share/common-lisp/ros/mujoco_ros_msgs/srv/_package_SetPause.lisp)
Linked: (/home/dominik/mujoco_ws/devel/.private/mujoco_ros_msgs/share/common-lisp/ros/mujoco_ros_msgs/srv/_package_SetGeomProperties.lisp, /home/dominik/mujoco_ws/devel/share/common-lisp/ros/mujoco_ros_msgs/srv/_package_SetGeomProperties.lisp)
Linked: (/home/dominik/mujoco_ws/devel/.private/mujoco_ros_msgs/share/common-lisp/ros/mujoco_ros_msgs/srv/_package_GetStateUint.lisp, /home/dominik/mujoco_ws/devel/share/common-lisp/ros/mujoco_ros_msgs/srv/_package_GetStateUint.lisp)
Linked: (/home/dominik/mujoco_ws/devel/.private/mujoco_ros_msgs/share/mujoco_ros_msgs/msg/StepAction.msg, /home/dominik/mujoco_ws/devel/share/mujoco_ros_msgs/msg/StepAction.msg)
Linked: (/home/dominik/mujoco_ws/devel/.private/mujoco_ros_msgs/share/mujoco_ros_msgs/msg/StepResult.msg, /home/dominik/mujoco_ws/devel/share/mujoco_ros_msgs/msg/StepResult.msg)
Linked: (/home/dominik/mujoco_ws/devel/.private/mujoco_ros_msgs/share/mujoco_ros_msgs/msg/StepGoal.msg, /home/dominik/mujoco_ws/devel/share/mujoco_ros_msgs/msg/StepGoal.msg)
Linked: (/home/dominik/mujoco_ws/devel/.private/mujoco_ros_msgs/share/mujoco_ros_msgs/msg/StepActionResult.msg, /home/dominik/mujoco_ws/devel/share/mujoco_ros_msgs/msg/StepActionResult.msg)
Linked: (/home/dominik/mujoco_ws/devel/.private/mujoco_ros_msgs/share/mujoco_ros_msgs/msg/StepActionGoal.msg, /home/dominik/mujoco_ws/devel/share/mujoco_ros_msgs/msg/StepActionGoal.msg)
Linked: (/home/dominik/mujoco_ws/devel/.private/mujoco_ros_msgs/share/mujoco_ros_msgs/msg/StepActionFeedback.msg, /home/dominik/mujoco_ws/devel/share/mujoco_ros_msgs/msg/StepActionFeedback.msg)
Linked: (/home/dominik/mujoco_ws/devel/.private/mujoco_ros_msgs/share/mujoco_ros_msgs/msg/StepFeedback.msg, /home/dominik/mujoco_ws/devel/share/mujoco_ros_msgs/msg/StepFeedback.msg)
Linked: (/home/dominik/mujoco_ws/devel/.private/mujoco_ros_msgs/share/mujoco_ros_msgs/cmake/mujoco_ros_msgsConfig.cmake, /home/dominik/mujoco_ws/devel/share/mujoco_ros_msgs/cmake/mujoco_ros_msgsConfig.cmake)
Linked: (/home/dominik/mujoco_ws/devel/.private/mujoco_ros_msgs/share/mujoco_ros_msgs/cmake/mujoco_ros_msgs-msg-extras.cmake, /home/dominik/mujoco_ws/devel/share/mujoco_ros_msgs/cmake/mujoco_ros_msgs-msg-extras.cmake)
Linked: (/home/dominik/mujoco_ws/devel/.private/mujoco_ros_msgs/share/mujoco_ros_msgs/cmake/mujoco_ros_msgs-msg-paths.cmake, /home/dominik/mujoco_ws/devel/share/mujoco_ros_msgs/cmake/mujoco_ros_msgs-msg-paths.cmake)
Linked: (/home/dominik/mujoco_ws/devel/.private/mujoco_ros_msgs/share/mujoco_ros_msgs/cmake/mujoco_ros_msgsConfig-version.cmake, /home/dominik/mujoco_ws/devel/share/mujoco_ros_msgs/cmake/mujoco_ros_msgsConfig-version.cmake)
Linked: (/home/dominik/mujoco_ws/devel/.private/mujoco_ros_msgs/share/gennodejs/ros/mujoco_ros_msgs/_index.js, /home/dominik/mujoco_ws/devel/share/gennodejs/ros/mujoco_ros_msgs/_index.js)
Linked: (/home/dominik/mujoco_ws/devel/.private/mujoco_ros_msgs/share/gennodejs/ros/mujoco_ros_msgs/msg/StepActionResult.js, /home/dominik/mujoco_ws/devel/share/gennodejs/ros/mujoco_ros_msgs/msg/StepActionResult.js)
Linked: (/home/dominik/mujoco_ws/devel/.private/mujoco_ros_msgs/share/gennodejs/ros/mujoco_ros_msgs/msg/BodyState.js, /home/dominik/mujoco_ws/devel/share/gennodejs/ros/mujoco_ros_msgs/msg/BodyState.js)
Linked: (/home/dominik/mujoco_ws/devel/.private/mujoco_ros_msgs/share/gennodejs/ros/mujoco_ros_msgs/msg/StateUint.js, /home/dominik/mujoco_ws/devel/share/gennodejs/ros/mujoco_ros_msgs/msg/StateUint.js)
Linked: (/home/dominik/mujoco_ws/devel/.private/mujoco_ros_msgs/share/gennodejs/ros/mujoco_ros_msgs/msg/StepFeedback.js, /home/dominik/mujoco_ws/devel/share/gennodejs/ros/mujoco_ros_msgs/msg/StepFeedback.js)
Linked: (/home/dominik/mujoco_ws/devel/.private/mujoco_ros_msgs/share/gennodejs/ros/mujoco_ros_msgs/msg/StepResult.js, /home/dominik/mujoco_ws/devel/share/gennodejs/ros/mujoco_ros_msgs/msg/StepResult.js)
Linked: (/home/dominik/mujoco_ws/devel/.private/mujoco_ros_msgs/share/gennodejs/ros/mujoco_ros_msgs/msg/_index.js, /home/dominik/mujoco_ws/devel/share/gennodejs/ros/mujoco_ros_msgs/msg/_index.js)
Linked: (/home/dominik/mujoco_ws/devel/.private/mujoco_ros_msgs/share/gennodejs/ros/mujoco_ros_msgs/msg/StepActionGoal.js, /home/dominik/mujoco_ws/devel/share/gennodejs/ros/mujoco_ros_msgs/msg/StepActionGoal.js)
Linked: (/home/dominik/mujoco_ws/devel/.private/mujoco_ros_msgs/share/gennodejs/ros/mujoco_ros_msgs/msg/GeomProperties.js, /home/dominik/mujoco_ws/devel/share/gennodejs/ros/mujoco_ros_msgs/msg/GeomProperties.js)
Linked: (/home/dominik/mujoco_ws/devel/.private/mujoco_ros_msgs/share/gennodejs/ros/mujoco_ros_msgs/msg/StepActionFeedback.js, /home/dominik/mujoco_ws/devel/share/gennodejs/ros/mujoco_ros_msgs/msg/StepActionFeedback.js)
Linked: (/home/dominik/mujoco_ws/devel/.private/mujoco_ros_msgs/share/gennodejs/ros/mujoco_ros_msgs/msg/StepGoal.js, /home/dominik/mujoco_ws/devel/share/gennodejs/ros/mujoco_ros_msgs/msg/StepGoal.js)
Linked: (/home/dominik/mujoco_ws/devel/.private/mujoco_ros_msgs/share/gennodejs/ros/mujoco_ros_msgs/msg/ScalarStamped.js, /home/dominik/mujoco_ws/devel/share/gennodejs/ros/mujoco_ros_msgs/msg/ScalarStamped.js)
Linked: (/home/dominik/mujoco_ws/devel/.private/mujoco_ros_msgs/share/gennodejs/ros/mujoco_ros_msgs/msg/GeomType.js, /home/dominik/mujoco_ws/devel/share/gennodejs/ros/mujoco_ros_msgs/msg/GeomType.js)
Linked: (/home/dominik/mujoco_ws/devel/.private/mujoco_ros_msgs/share/gennodejs/ros/mujoco_ros_msgs/msg/SensorNoiseModel.js, /home/dominik/mujoco_ws/devel/share/gennodejs/ros/mujoco_ros_msgs/msg/SensorNoiseModel.js)
Linked: (/home/dominik/mujoco_ws/devel/.private/mujoco_ros_msgs/share/gennodejs/ros/mujoco_ros_msgs/msg/StepAction.js, /home/dominik/mujoco_ws/devel/share/gennodejs/ros/mujoco_ros_msgs/msg/StepAction.js)
Linked: (/home/dominik/mujoco_ws/devel/.private/mujoco_ros_msgs/share/gennodejs/ros/mujoco_ros_msgs/srv/GetBodyState.js, /home/dominik/mujoco_ws/devel/share/gennodejs/ros/mujoco_ros_msgs/srv/GetBodyState.js)
Linked: (/home/dominik/mujoco_ws/devel/.private/mujoco_ros_msgs/share/gennodejs/ros/mujoco_ros_msgs/srv/ResetBodyQPos.js, /home/dominik/mujoco_ws/devel/share/gennodejs/ros/mujoco_ros_msgs/srv/ResetBodyQPos.js)
Linked: (/home/dominik/mujoco_ws/devel/.private/mujoco_ros_msgs/share/gennodejs/ros/mujoco_ros_msgs/srv/GetGravity.js, /home/dominik/mujoco_ws/devel/share/gennodejs/ros/mujoco_ros_msgs/srv/GetGravity.js)
Linked: (/home/dominik/mujoco_ws/devel/.private/mujoco_ros_msgs/share/gennodejs/ros/mujoco_ros_msgs/srv/_index.js, /home/dominik/mujoco_ws/devel/share/gennodejs/ros/mujoco_ros_msgs/srv/_index.js)
Linked: (/home/dominik/mujoco_ws/devel/.private/mujoco_ros_msgs/share/gennodejs/ros/mujoco_ros_msgs/srv/SetGeomProperties.js, /home/dominik/mujoco_ws/devel/share/gennodejs/ros/mujoco_ros_msgs/srv/SetGeomProperties.js)
Linked: (/home/dominik/mujoco_ws/devel/.private/mujoco_ros_msgs/share/gennodejs/ros/mujoco_ros_msgs/srv/SetPause.js, /home/dominik/mujoco_ws/devel/share/gennodejs/ros/mujoco_ros_msgs/srv/SetPause.js)
Linked: (/home/dominik/mujoco_ws/devel/.private/mujoco_ros_msgs/share/gennodejs/ros/mujoco_ros_msgs/srv/GetGeomProperties.js, /home/dominik/mujoco_ws/devel/share/gennodejs/ros/mujoco_ros_msgs/srv/GetGeomProperties.js)
Linked: (/home/dominik/mujoco_ws/devel/.private/mujoco_ros_msgs/share/gennodejs/ros/mujoco_ros_msgs/srv/SetGravity.js, /home/dominik/mujoco_ws/devel/share/gennodejs/ros/mujoco_ros_msgs/srv/SetGravity.js)
Linked: (/home/dominik/mujoco_ws/devel/.private/mujoco_ros_msgs/share/gennodejs/ros/mujoco_ros_msgs/srv/SetBodyState.js, /home/dominik/mujoco_ws/devel/share/gennodejs/ros/mujoco_ros_msgs/srv/SetBodyState.js)
Linked: (/home/dominik/mujoco_ws/devel/.private/mujoco_ros_msgs/share/gennodejs/ros/mujoco_ros_msgs/srv/GetStateUint.js, /home/dominik/mujoco_ws/devel/share/gennodejs/ros/mujoco_ros_msgs/srv/GetStateUint.js)
Linked: (/home/dominik/mujoco_ws/devel/.private/mujoco_ros_msgs/share/gennodejs/ros/mujoco_ros_msgs/srv/Reload.js, /home/dominik/mujoco_ws/devel/share/gennodejs/ros/mujoco_ros_msgs/srv/Reload.js)
Linked: (/home/dominik/mujoco_ws/devel/.private/mujoco_ros_msgs/share/gennodejs/ros/mujoco_ros_msgs/srv/SetFloat.js, /home/dominik/mujoco_ws/devel/share/gennodejs/ros/mujoco_ros_msgs/srv/SetFloat.js)
Linked: (/home/dominik/mujoco_ws/devel/.private/mujoco_ros_msgs/share/gennodejs/ros/mujoco_ros_msgs/srv/RegisterSensorNoiseModels.js, /home/dominik/mujoco_ws/devel/share/gennodejs/ros/mujoco_ros_msgs/srv/RegisterSensorNoiseModels.js)
Linked: (/home/dominik/mujoco_ws/devel/.private/mujoco_ros_msgs/share/roseus/ros/mujoco_ros_msgs/manifest.l, /home/dominik/mujoco_ws/devel/share/roseus/ros/mujoco_ros_msgs/manifest.l)
Linked: (/home/dominik/mujoco_ws/devel/.private/mujoco_ros_msgs/share/roseus/ros/mujoco_ros_msgs/msg/StepAction.l, /home/dominik/mujoco_ws/devel/share/roseus/ros/mujoco_ros_msgs/msg/StepAction.l)
Linked: (/home/dominik/mujoco_ws/devel/.private/mujoco_ros_msgs/share/roseus/ros/mujoco_ros_msgs/msg/StepActionResult.l, /home/dominik/mujoco_ws/devel/share/roseus/ros/mujoco_ros_msgs/msg/StepActionResult.l)
Linked: (/home/dominik/mujoco_ws/devel/.private/mujoco_ros_msgs/share/roseus/ros/mujoco_ros_msgs/msg/StepActionGoal.l, /home/dominik/mujoco_ws/devel/share/roseus/ros/mujoco_ros_msgs/msg/StepActionGoal.l)
Linked: (/home/dominik/mujoco_ws/devel/.private/mujoco_ros_msgs/share/roseus/ros/mujoco_ros_msgs/msg/StateUint.l, /home/dominik/mujoco_ws/devel/share/roseus/ros/mujoco_ros_msgs/msg/StateUint.l)
Linked: (/home/dominik/mujoco_ws/devel/.private/mujoco_ros_msgs/share/roseus/ros/mujoco_ros_msgs/msg/StepResult.l, /home/dominik/mujoco_ws/devel/share/roseus/ros/mujoco_ros_msgs/msg/StepResult.l)
Linked: (/home/dominik/mujoco_ws/devel/.private/mujoco_ros_msgs/share/roseus/ros/mujoco_ros_msgs/msg/GeomType.l, /home/dominik/mujoco_ws/devel/share/roseus/ros/mujoco_ros_msgs/msg/GeomType.l)
Linked: (/home/dominik/mujoco_ws/devel/.private/mujoco_ros_msgs/share/roseus/ros/mujoco_ros_msgs/msg/BodyState.l, /home/dominik/mujoco_ws/devel/share/roseus/ros/mujoco_ros_msgs/msg/BodyState.l)
Linked: (/home/dominik/mujoco_ws/devel/.private/mujoco_ros_msgs/share/roseus/ros/mujoco_ros_msgs/msg/StepFeedback.l, /home/dominik/mujoco_ws/devel/share/roseus/ros/mujoco_ros_msgs/msg/StepFeedback.l)
Linked: (/home/dominik/mujoco_ws/devel/.private/mujoco_ros_msgs/share/roseus/ros/mujoco_ros_msgs/msg/GeomProperties.l, /home/dominik/mujoco_ws/devel/share/roseus/ros/mujoco_ros_msgs/msg/GeomProperties.l)
Linked: (/home/dominik/mujoco_ws/devel/.private/mujoco_ros_msgs/share/roseus/ros/mujoco_ros_msgs/msg/ScalarStamped.l, /home/dominik/mujoco_ws/devel/share/roseus/ros/mujoco_ros_msgs/msg/ScalarStamped.l)
Linked: (/home/dominik/mujoco_ws/devel/.private/mujoco_ros_msgs/share/roseus/ros/mujoco_ros_msgs/msg/StepGoal.l, /home/dominik/mujoco_ws/devel/share/roseus/ros/mujoco_ros_msgs/msg/StepGoal.l)
Linked: (/home/dominik/mujoco_ws/devel/.private/mujoco_ros_msgs/share/roseus/ros/mujoco_ros_msgs/msg/StepActionFeedback.l, /home/dominik/mujoco_ws/devel/share/roseus/ros/mujoco_ros_msgs/msg/StepActionFeedback.l)
Linked: (/home/dominik/mujoco_ws/devel/.private/mujoco_ros_msgs/share/roseus/ros/mujoco_ros_msgs/msg/SensorNoiseModel.l, /home/dominik/mujoco_ws/devel/share/roseus/ros/mujoco_ros_msgs/msg/SensorNoiseModel.l)
Linked: (/home/dominik/mujoco_ws/devel/.private/mujoco_ros_msgs/share/roseus/ros/mujoco_ros_msgs/srv/ResetBodyQPos.l, /home/dominik/mujoco_ws/devel/share/roseus/ros/mujoco_ros_msgs/srv/ResetBodyQPos.l)
Linked: (/home/dominik/mujoco_ws/devel/.private/mujoco_ros_msgs/share/roseus/ros/mujoco_ros_msgs/srv/SetBodyState.l, /home/dominik/mujoco_ws/devel/share/roseus/ros/mujoco_ros_msgs/srv/SetBodyState.l)
Linked: (/home/dominik/mujoco_ws/devel/.private/mujoco_ros_msgs/share/roseus/ros/mujoco_ros_msgs/srv/SetGeomProperties.l, /home/dominik/mujoco_ws/devel/share/roseus/ros/mujoco_ros_msgs/srv/SetGeomProperties.l)
Linked: (/home/dominik/mujoco_ws/devel/.private/mujoco_ros_msgs/share/roseus/ros/mujoco_ros_msgs/srv/Reload.l, /home/dominik/mujoco_ws/devel/share/roseus/ros/mujoco_ros_msgs/srv/Reload.l)
Linked: (/home/dominik/mujoco_ws/devel/.private/mujoco_ros_msgs/share/roseus/ros/mujoco_ros_msgs/srv/GetBodyState.l, /home/dominik/mujoco_ws/devel/share/roseus/ros/mujoco_ros_msgs/srv/GetBodyState.l)
Linked: (/home/dominik/mujoco_ws/devel/.private/mujoco_ros_msgs/share/roseus/ros/mujoco_ros_msgs/srv/RegisterSensorNoiseModels.l, /home/dominik/mujoco_ws/devel/share/roseus/ros/mujoco_ros_msgs/srv/RegisterSensorNoiseModels.l)
Linked: (/home/dominik/mujoco_ws/devel/.private/mujoco_ros_msgs/share/roseus/ros/mujoco_ros_msgs/srv/GetStateUint.l, /home/dominik/mujoco_ws/devel/share/roseus/ros/mujoco_ros_msgs/srv/GetStateUint.l)
Linked: (/home/dominik/mujoco_ws/devel/.private/mujoco_ros_msgs/share/roseus/ros/mujoco_ros_msgs/srv/SetGravity.l, /home/dominik/mujoco_ws/devel/share/roseus/ros/mujoco_ros_msgs/srv/SetGravity.l)
Linked: (/home/dominik/mujoco_ws/devel/.private/mujoco_ros_msgs/share/roseus/ros/mujoco_ros_msgs/srv/SetFloat.l, /home/dominik/mujoco_ws/devel/share/roseus/ros/mujoco_ros_msgs/srv/SetFloat.l)
Linked: (/home/dominik/mujoco_ws/devel/.private/mujoco_ros_msgs/share/roseus/ros/mujoco_ros_msgs/srv/GetGravity.l, /home/dominik/mujoco_ws/devel/share/roseus/ros/mujoco_ros_msgs/srv/GetGravity.l)
Linked: (/home/dominik/mujoco_ws/devel/.private/mujoco_ros_msgs/share/roseus/ros/mujoco_ros_msgs/srv/GetGeomProperties.l, /home/dominik/mujoco_ws/devel/share/roseus/ros/mujoco_ros_msgs/srv/GetGeomProperties.l)
Linked: (/home/dominik/mujoco_ws/devel/.private/mujoco_ros_msgs/share/roseus/ros/mujoco_ros_msgs/srv/SetPause.l, /home/dominik/mujoco_ws/devel/share/roseus/ros/mujoco_ros_msgs/srv/SetPause.l)
