Not searching for unused variables given on the command line.
[36m--[0m CMAKE_BUILD_TYPE not set. Defaulting to 'Release'.
[36m--[0m Using CATKIN_DEVEL_PREFIX: /home/dominik/mujoco_ws/devel/.private/mujoco_ros
[36m--[0m Using CMAKE_PREFIX_PATH: /home/dominik/mujoco_ws/devel;/opt/ros/noetic
[36m--[0m This workspace overlays: /home/dominik/mujoco_ws/devel;/opt/ros/noetic
[36m--[0m Found PythonInterp: /usr/bin/python3 (found suitable version "3.8.10", minimum required is "3")
[36m--[0m Using PYTHON_EXECUTABLE: /usr/bin/python3
[36m--[0m Using Debian Python package layout
[36m--[0m Using empy: /usr/lib/python3/dist-packages/em.py
[36m--[0m Using CATKIN_ENABLE_TESTING: ON
[36m--[0m Call enable_testing()
[36m--[0m Using CATKIN_TEST_RESULTS_DIR: /home/dominik/mujoco_ws/build/mujoco_ros/test_results
[36m--[0m Forcing gtest/gmock from source, though one was otherwise available.
[36m--[0m Found gtest sources under '/usr/src/googletest': gtests will be built
[36m--[0m Found gmock sources under '/usr/src/googletest': gmock will be built
[36m--[0m Found PythonInterp: /usr/bin/python3 (found version "3.8.10")
[36m--[0m Using Python nosetests: /usr/bin/nosetests3
[36m--[0m catkin 0.8.10
[36m--[0m BUILD_SHARED_LIBS is on
[36m--[0m Using these message generators: gencpp;geneus;genlisp;gennodejs;genpy
[36m--[0m Looking for MuJoCo tar install ...
MuJoCo tar install found, but version can not be detected. If experiencing errors check that version 2.3.6 or a newer, compatible version is installed
CMake Error: The following variables are used in this project, but they are set to NOTFOUND.
Please set them or make sure they are set and tested correctly in the CMake files:
GLFW
    linked by target "platform_ui_adapter" in directory /home/dominik/mujoco_ws/src/mujoco_ros/src

[36m--[0m Configuring incomplete, errors occurred!
See also "/home/dominik/mujoco_ws/build/mujoco_ros/CMakeFiles/CMakeOutput.log".
See also "/home/dominik/mujoco_ws/build/mujoco_ros/CMakeFiles/CMakeError.log".
